13.0
12.35
12.48
12.61
12.74
12.87
13.0
13.13
13.26
13.39
13.52
20.0
-12.400000000000006
-5.920000000000002
0.5599999999999987
7.039999999999999
13.52
20.0
26.48
32.96
39.44
45.92
99.0
-166.39999999999998
-113.32
-60.24000000000001
-7.159999999999997
45.92
99.0
152.07999999999998
205.16
258.24
311.32
18.0
1484.6
1191.28
897.96
604.64
311.32
18.0
-275.32
-568.64
-861.96
-1155.28
48.0
-5968.4
-4765.12
-3561.84
-2358.56
-1155.28
48.0
1251.28
2454.56
3657.84
4861.12
85.0
23965.6
19189.48
14413.36
9637.24
4861.12
85.0
-4691.12
-9467.24
-14243.36
-19019.48
100.0
-95497.4
-76377.92
-57258.44
-38138.96
-19019.48
100.0
19219.48
38338.96
57458.44
76577.92
85.0
382549.6
306056.68
229563.76
153070.84
76577.92
85.0
-76407.92
-152900.84
-229393.76
-305886.68
39.0
-1529589.4
-1223663.72
-917738.04
-611812.36
-305886.68
39.0
305964.68
611890.36
917816.04
1223741.72
84.0
6118372.6
4894714.88
3671057.16
2447399.44
1223741.72
84.0
-1223573.72
-2447231.44
-3670889.16
-4894546.88
16.0
-24472798.4
-19578235.52
-14683672.64
-9789109.76
-4894546.88
16.0
4894578.88
9789141.76
14683704.64
19578267.52
74.0
97891041.6
78312848.08
58734654.56
39156461.04
19578267.52
74.0
-19578119.52
-39156313.04
-58734506.56
-78312700.08
29.0
-391563616.4
-313250887.32
-234938158.24
-156625429.16
-78312700.08
29.0
78312758.08
156625487.16
234938216.24
313250945.32
52.0
1566254518.6
1253003625.28
939752731.96
626501838.64
313250945.32
52.0
-313250841.32
-626501734.64
-939752627.96
-1253003521.28
80.0
-6265017926.4
-5012014325.12
-3759010723.84
-2506007122.56
-1253003521.28
80.0
1253003681.28
2506007282.56
3759010883.84
5012014485.12
65
25060072165.6
20048057745.48
15036043325.36
10024028905.24
5012014485.12
65.0
-5012014355.12
-10024028775.24
-15036043195.36
-20048057615.48
